Arguments: 
  C:\Program Files\nodejs\node.exe C:\Program Files (x86)\Yarn\bin\yarn.js add bcryptjs body-parser cookie-parser cors dotenv express express-session hbs mongoose morgan node-sass-middleware passport passport-local serve-favicon multer

PATH: 
  C:\Program Files\Microsoft MPI\Bin\;C:\WINDOWS\system32;C:\WINDOWS;C:\WINDOWS\System32\Wbem;C:\WINDOWS\System32\WindowsPowerShell\v1.0\;C:\WINDOWS\System32\OpenSSH\;C:\WINDOWS\CCM;C:\Program Files\nodejs\;C:\Program Files\dotnet\;C:\Program Files\Microsoft SQL Server\130\Tools\Binn\;C:\Program Files\Microsoft SQL Server\Client SDK\ODBC\170\Tools\Binn\;C:\Program Files (x86)\Yarn\bin\;C:\Program Files\Git\cmd;C:\Program Files (x86)\Microsoft SQL Server\140\Tools\Binn\;C:\Program Files\Microsoft SQL Server\140\Tools\Binn\;C:\Program Files (x86)\Microsoft SQL Server\140\DTS\Binn\;C:\Program Files\Microsoft SQL Server\140\DTS\Binn\;C:\Program Files\Microsoft SQL Server\Client SDK\ODBC\130\Tools\Binn\;C:\Program Files (x86)\Microsoft SQL Server\150\DTS\Binn\;C:\Users\cristian.jesus\AppData\Local\Microsoft\WindowsApps;;C:\Users\cristian.jesus\AppData\Local\Programs\Microsoft VS Code\bin;C:\Users\cristian.jesus\AppData\Roaming\npm;C:\Users\cristian.jesus\AppData\Local\Yarn\bin

Yarn version: 
  1.21.1

Node version: 
  12.14.0

Platform: 
  win32 x64

Trace: 
  SyntaxError: C:\Users\cristian.jesus\Documents\CJ\Curso P\Iron Curso\Project-Salon-Date-Time\salon-date-time-server\package.json: Unexpected string in JSON at position 242
      at JSON.parse (<anonymous>)
      at C:\Program Files (x86)\Yarn\lib\cli.js:1625:59
      at Generator.next (<anonymous>)
      at step (C:\Program Files (x86)\Yarn\lib\cli.js:310:30)
      at C:\Program Files (x86)\Yarn\lib\cli.js:321:13

npm manifest: 
  {
    "name": "salon-date-time-server",
    "version": "1.0.0",
    "main": "index.js",
    "repository": "https://github.com/cristianlj/salon-date-time-server.git",
    "author": "cristianlj <cristian.jesus.developer@gmail.com>",
    "license": "MIT"
    "scripts": {
      "dev": "nodemon src/index.js",
      "start": "node src/index.js"
    },
    "dependencies": {
      "bcryptjs": "^2.4.3",
      "body-parser": "^1.19.0",
      "cookie-parser": "^1.4.4",
      "cors": "^2.8.5",
      "dotenv": "^8.2.0",
      "express": "^4.17.1",
      "express-session": "^1.17.0",
      "hbs": "^4.1.0",
      "mongoose": "^5.9.0",
      "morgan": "^1.9.1",
      "multer": "^1.4.2",
      "node-sass-middleware": "^0.11.0",
      "nodemon": "^2.0.2",
      "passport": "^0.4.1",
      "passport-local": "^1.0.0",
      "serve-favicon": "^2.5.0"
    }
  }

yarn manifest: 
  No manifest

Lockfile: 
  No lockfile
